TS|CH0|CH1|CH2
10|4.590|1.215|6.668
20|4.900|1.215|8.334
30|4.792|1.232|6.668
40|4.976|1.328|6.668
50|4.950|1.054|8.334
60|4.949|1.328|4.998
70|4.990|1.254|6.668
80|4.609|1.250|8.334
90|4.988|0.976|7.709
100|4.792|1.176|7.709
110|4.950|1.328|7.084
120|4.609|1.172|4.958
130|4.897|1.232|7.919
140|4.805|1.215|7.919
150|4.988|1.328|6.673
160|4.949|1.328|8.285
170|4.951|1.309|8.324
180|4.976|1.024|7.709
190|4.951|1.131|4.998
200|4.805|1.232|7.709
210|4.897|1.122|4.958
220|4.951|1.024|8.324
230|4.842|1.093|7.709
240|4.685|1.327|8.334
250|4.974|1.093|7.709
260|4.795|1.179|7.088
270|4.896|1.414|6.849
280|4.949|1.328|7.606
290|4.896|1.328|7.084
300|4.950|1.093|8.139
310|4.795|1.287|8.324
320|4.687|1.215|8.153
330|4.949|1.289|7.606
340|4.949|1.328|4.998
350|4.792|1.093|4.988
360|4.896|1.173|6.712
370|4.919|1.212|6.771
380|4.584|1.181|6.678
390|4.974|1.348|5.857
400|4.795|1.181|8.334
410|4.687|1.408|4.973
420|4.900|1.258|6.771
430|4.687|1.217|4.919
440|4.980|1.015|4.949
450|4.896|1.330|6.668
460|4.805|1.176|5.833
470|4.590|1.231|4.998
480|4.584|1.093|6.668
490|4.662|1.132|7.294
500|4.949|0.937|4.841
510|4.805|1.093|4.998
520|4.950|1.179|6.668
530|4.844|1.328|7.084
540|4.590|1.231|7.919
550|4.687|1.328|7.919
560|4.951|1.015|4.958
570|4.976|1.176|-0.440
580|4.792|1.328|0.010
590|4.949|1.368|-1.065
600|4.897|1.015|0.010
610|4.949|1.176|-0.528
620|4.949|1.408|0.078
630|4.792|1.250|0.078
640|4.897|1.328|0.044
650|4.896|1.231|-2.653
660|4.805|1.212|-0.977
670|4.687|1.368|-0.997
680|4.795|1.093|-0.997
690|4.687|1.328|0.010
700|4.687|0.937|0.156
710|4.974|0.937|-0.528
720|4.960|1.215|-0.977
730|4.838|1.368|-0.352
740|4.900|1.054|-1.734
750|4.375|1.181|0.020
760|4.949|1.089|0.000
770|4.687|1.309|-0.528
780|4.792|1.215|-0.528
790|4.687|1.181|-0.997
800|4.609|1.181|-0.440
810|4.897|1.215|0.005
820|4.976|1.181|0.020
830|4.792|1.093|0.088
840|4.662|1.409|-0.977
850|4.994|1.093|-1.148
860|4.897|1.328|-0.528
870|4.950|1.015|0.005
880|4.683|1.309|-0.997
890|4.951|1.093|0.039
900|4.988|1.173|0.078
910|4.792|1.231|-1.734
920|4.896|1.220|-0.528
930|4.792|1.211|-1.412
940|4.896|1.093|0.039
950|4.949|1.015|0.083
960|4.585|1.054|-1.412
970|4.949|1.328|0.000
980|4.988|1.221|0.078
990|4.974|1.215|0.078
1000|4.919|1.176|-0.977
1010|4.662|1.212|0.005
1020|4.960|1.093|-0.518
1030|4.949|1.211|-1.119
1040|4.988|1.211|0.332
1050|4.974|1.092|-0.992
1060|4.609|0.946|0.039
1070|4.949|1.089|-0.752
1080|4.988|1.328|-0.997
1090|4.590|1.215|0.039
1100|4.974|1.211|-0.997
1110|5.000|1.215|-1.158
1120|4.792|1.232|0.044
1130|4.902|1.348|7.709
1140|4.951|1.154|7.303
1150|4.988|1.173|7.704
1160|4.792|1.250|8.324
1170|4.974|1.328|8.290
1180|4.805|1.093|8.285
1190|4.976|1.220|7.137
1200|4.897|1.054|6.673
1210|4.842|1.319|6.668
1220|4.902|1.175|8.290
1230|4.949|1.093|8.178
1240|4.974|1.250|8.285
1250|4.988|1.181|7.513
1260|4.792|1.328|7.816
1270|4.949|1.407|6.668
1280|4.950|1.328|7.084
1290|4.974|1.289|6.673
1300|4.687|1.092|7.528
1310|4.919|1.409|7.919
1320|4.976|0.976|6.771
1330|4.687|0.976|6.668
1340|4.949|1.181|7.572
1350|4.949|1.328|6.771
1360|4.590|1.328|6.825
1370|4.949|1.179|6.668
1380|4.974|1.215|7.601
1390|4.976|1.015|8.334
1400|4.950|1.215|7.215
1410|4.951|1.408|6.668
1420|4.590|1.368|8.324
1430|4.998|1.328|6.673
1440|4.792|1.176|7.084
1450|4.902|1.092|4.998
1460|4.950|1.409|6.825
1470|4.585|0.937|8.232
1480|4.795|1.215|7.528
1490|4.842|1.215|7.919
1500|4.687|1.254|4.998
1510|4.792|1.231|7.513
1520|4.687|0.937|4.998
1530|4.951|1.093|7.294
1540|4.896|1.093|4.998
1550|4.803|1.015|8.134
1560|4.584|1.093|8.334
1570|4.949|1.015|6.668
1580|4.900|1.328|6.771
1590|4.609|1.259|7.137
1600|4.902|1.215|7.528
1610|4.950|1.259|7.294
1620|4.949|1.328|4.998
1630|4.844|1.215|7.294
1640|4.844|1.368|8.153
1650|4.949|1.092|4.998
1660|4.978|1.092|7.553
1670|4.609|1.181|4.998
1680|4.897|1.309|7.699
1690|4.795|1.215|-0.977
1700|4.687|1.220|0.039
1710|4.988|1.015|-1.422
1720|4.604|1.330|0.083
1730|4.902|1.328|-0.987
1740|4.976|1.410|-0.865
1750|4.792|1.408|0.005
1760|4.949|1.211|-0.596
1770|4.607|1.368|-0.415
1780|4.897|1.093|-0.518
1790|4.805|1.309|-0.440
1800|4.988|1.328|-1.060
1810|4.838|1.408|-1.910
1820|4.988|1.093|0.078
1830|4.949|1.176|0.083
1840|4.668|1.211|-0.518
1850|4.919|1.254|-1.065
1860|4.805|0.995|0.005
1870|4.976|1.220|-0.518
1880|4.585|1.172|0.020
1890|4.974|1.093|-0.997
1900|4.902|1.328|-0.435
1910|4.590|1.212|0.010
1920|4.978|1.215|-0.997
1930|4.949|1.176|-0.440
1940|4.687|1.212|-1.431
1950|4.841|1.414|-0.977
1960|4.896|1.015|0.039
1970|4.949|1.215|-0.528
1980|4.844|1.215|0.000
1990|4.609|1.231|-0.440
2000|4.988|1.219|-1.065
2010|4.897|1.328|-1.431
2020|4.609|1.237|0.166
2030|4.902|1.212|-0.596
2040|4.897|1.211|-0.997
2050|4.974|1.319|-0.997
2060|4.585|1.093|-0.435
2070|4.988|1.215|0.005
2080|4.609|1.211|0.044
2090|4.896|1.328|0.088
2100|4.604|1.231|-2.506
2110|4.805|1.176|0.005
2120|4.687|1.173|0.645
2130|4.792|1.319|-0.518
2140|4.949|1.015|0.020
2150|4.897|1.242|-0.440
2160|4.803|1.250|-0.528
2170|4.897|1.181|-0.435
2180|4.687|1.212|-0.440
2190|4.590|1.212|-0.987
2200|4.792|1.215|-0.596
2210|4.805|1.288|0.005
2220|4.976|1.015|-1.055
2230|4.998|1.212|0.044
2240|4.949|1.231|0.005
2250|4.838|1.015|6.668
2260|4.795|1.093|4.841
2270|4.609|1.173|4.998
2280|4.687|1.408|8.153
2290|4.842|1.015|7.919
2300|4.988|1.089|8.285
2310|4.902|1.328|6.668
2320|4.842|1.414|4.988
2330|4.896|1.215|4.998
2340|4.974|1.181|7.294
2350|4.590|1.093|7.084
2360|4.951|1.211|6.717
2370|4.844|1.368|8.324
2380|4.844|1.328|4.841
2390|4.687|1.250|7.709
2400|4.919|1.092|6.717
2410|4.792|1.015|8.285
2420|4.609|1.309|7.553
2430|4.902|1.328|8.334
2440|4.838|1.176|7.079
2450|4.947|1.176|8.324
2460|4.805|1.015|8.134
2470|4.792|1.408|6.668
2480|4.668|1.211|6.717
2490|4.584|1.309|4.958
2500|4.687|1.092|6.668
2510|4.792|1.211|4.841
2520|4.900|1.319|6.668
2530|4.805|1.309|7.084
2540|4.897|1.211|4.900
2550|4.988|1.179|8.334
2560|4.976|1.319|6.849
2570|4.590|1.358|6.869
2580|4.803|1.328|7.709
2590|4.897|1.289|7.553
2600|4.609|1.092|6.668
2610|4.795|1.181|7.709
2620|4.609|1.093|6.781
2630|4.974|1.387|7.606
2640|4.900|1.173|4.998
2650|4.687|1.187|8.129
2660|4.687|1.055|6.668
2670|4.988|1.319|8.324
2680|4.662|1.212|7.709
2690|4.974|1.368|4.949
2700|4.974|1.414|6.668
2710|4.838|1.410|4.998
2720|4.897|1.250|7.294
2730|4.585|1.215|7.763
2740|4.795|1.414|6.673
2750|4.950|1.234|6.981
2760|4.949|1.015|7.606
2770|4.609|1.015|7.059
2780|4.805|1.368|4.998
2790|4.842|1.212|8.134
2800|4.687|1.259|7.709
2810|4.988|1.054|0.078
2820|4.805|1.330|0.000
2830|4.584|1.212|-0.440
2840|4.842|1.232|-0.528
2850|4.838|1.328|-1.153
2860|4.896|1.328|0.020
2870|4.897|1.093|0.122
2880|4.687|1.015|-0.616
2890|4.949|1.211|-0.997
2900|4.687|1.409|-0.454
2910|4.949|1.093|-1.153
2920|4.687|1.181|-0.997
2930|4.897|1.328|-0.528
2940|4.897|1.093|0.010
2950|4.988|1.387|-1.153
2960|4.668|1.485|-0.977
2970|4.949|1.212|-0.596
2980|4.988|1.175|-1.055
2990|4.585|1.015|0.088
3000|4.980|1.232|-1.065
3010|4.585|1.093|0.000
3020|4.609|0.819|-0.977
3030|4.976|1.328|-1.148
3040|4.844|1.176|0.713
3050|4.949|1.328|-1.466
3060|4.974|1.212|-0.528
3070|4.949|1.176|0.005
3080|4.951|1.331|-0.528
3090|4.897|1.232|0.083
3100|4.949|1.328|-0.992
3110|4.584|1.328|-1.119
3120|4.795|0.941|-1.065
3130|4.949|1.054|-0.528
3140|4.609|1.231|0.083
3150|4.902|1.239|-1.055
3160|4.685|1.408|-1.744
3170|4.687|1.330|-1.065
3180|4.951|1.093|0.083
3190|4.609|1.093|-0.596
3200|4.609|1.411|-0.977
3210|4.685|1.328|0.166
3220|4.675|1.486|-2.506
3230|4.805|1.387|-1.133
3240|4.687|1.054|-1.075
3250|4.687|1.319|0.078
3260|4.685|1.015|-0.596
3270|4.803|1.173|0.156
3280|4.838|1.368|-1.055
3290|4.900|1.215|-0.518
3300|4.842|1.093|-1.075
3310|4.842|1.328|0.000
3320|4.795|1.215|-1.065
3330|4.897|1.299|0.078
3340|4.685|1.054|0.000
3350|4.949|1.215|-0.596
3360|4.687|1.411|0.635
3370|4.902|1.034|4.802
3380|4.896|1.054|7.699
3390|4.687|1.179|7.294
3400|4.950|1.189|6.668
3410|4.896|1.215|4.998
3420|4.949|0.976|8.295
3430|4.949|0.976|7.513
3440|4.792|1.289|4.998
3450|4.900|1.173|8.334
3460|4.792|1.336|6.717
3470|4.897|1.093|7.680
3480|4.842|1.328|4.998
3490|4.792|1.328|7.528
3500|4.950|1.411|8.285
3510|4.584|1.328|8.324
3520|4.974|1.328|6.668
3530|4.976|1.093|8.285
3540|4.949|1.328|6.668
3550|4.842|1.348|4.998
3560|4.842|1.212|4.949
3570|4.668|1.219|7.816
3580|4.949|1.215|7.709
3590|4.949|1.232|8.153
3600|4.678|1.328|8.310
3610|4.805|1.289|4.998
3620|4.805|1.328|7.088
3630|4.685|1.212|7.215
3640|4.949|1.015|4.998
3650|4.976|1.368|4.998
3660|4.988|1.093|7.606
3670|4.902|1.015|7.606
3680|4.805|1.212|7.509
3690|4.897|1.368|7.088
3700|4.950|1.254|6.873
3710|4.792|1.092|7.513
3720|4.951|1.387|8.324
3730|4.949|1.181|7.528
3740|4.687|1.092|4.998
3750|4.795|1.328|7.919
3760|4.609|1.309|7.606
3770|4.974|1.368|6.981
3780|4.792|1.181|7.513
3790|4.988|1.054|7.509
3800|4.687|1.054|6.668
3810|4.834|1.328|6.673
3820|4.795|1.328|8.290
3830|4.950|1.328|8.334
3840|4.805|1.309|7.088
3850|4.902|1.215|7.084
3860|4.900|0.937|8.334
3870|4.902|1.215|6.693
3880|4.989|1.212|7.528
3890|4.976|1.231|8.324
3900|4.685|1.181|4.998
3910|4.590|1.093|4.998
3920|4.902|1.181|4.998
3930|4.900|1.093|-0.435
3940|4.949|1.093|-1.148
3950|4.609|1.179|-0.992
3960|4.687|1.259|-0.997
3970|4.687|1.212|-0.518
3980|4.792|1.319|0.044
3990|4.687|1.259|-0.518
4000|4.960|1.328|-2.496
4010|4.589|1.054|0.078
4020|4.685|1.319|-1.021
4030|4.792|1.220|-1.065
4040|4.949|1.244|-2.501
4050|4.951|1.084|-0.752
4060|4.590|1.215|0.122
4070|4.687|1.368|-0.977
4080|4.949|1.093|-0.440
4090|4.585|1.212|0.010
4100|4.805|1.415|-0.518
4110|4.897|1.328|0.078
4120|4.584|1.328|-1.065
4130|4.795|1.232|-1.055
4140|4.951|1.405|0.332
4150|4.844|1.414|-0.440
4160|4.844|1.211|-0.518
4170|4.974|1.215|0.166
4180|4.897|1.231|-0.596
4190|4.949|1.015|-0.508
4200|4.802|1.212|-1.065
4210|4.838|0.956|0.078
4220|4.951|1.092|-0.528
4230|4.919|1.015|-0.528
4240|4.687|1.181|-1.065
4250|4.609|1.414|-0.977
4260|4.949|1.015|-1.422
4270|4.902|1.181|-0.537
4280|4.792|1.073|0.020
4290|4.590|1.231|0.039
4300|4.685|1.215|-0.977
4310|4.902|1.319|0.078
4320|4.681|1.407|0.039
4330|4.951|1.409|0.010
4340|4.896|1.212|-0.997
4350|4.687|1.181|0.010
4360|4.372|1.176|0.005
4370|4.838|1.348|0.083
4380|4.897|1.054|0.039
4390|4.950|1.211|-0.440
4400|4.955|1.368|-0.440
4410|4.844|1.211|0.083
4420|4.609|1.176|-2.579
4430|4.951|0.956|0.039
4440|4.949|1.328|-1.353
4450|4.844|1.092|0.088
4460|4.792|1.212|-1.431
4470|4.685|1.176|-0.440
4480|4.792|1.328|-1.412
4490|4.974|1.309|7.670
4500|4.805|1.092|8.232
4510|4.988|1.231|7.084
4520|4.902|1.212|6.668
4530|4.919|1.215|7.084
4540|4.949|1.021|6.986
4550|4.685|1.232|4.792
4560|4.951|1.172|7.084
4570|4.792|1.093|7.709
4580|4.805|1.368|7.914
4590|4.949|1.719|8.779
4600|4.960|1.328|6.873
4610|4.838|1.328|7.709
4620|4.949|1.328|4.998
4630|4.687|1.212|7.709
4640|4.900|1.056|4.998
4650|4.838|1.092|8.334
4660|4.795|1.220|7.084
4670|4.950|1.368|6.458
4680|4.585|1.181|6.668
4690|4.976|1.215|7.709
4700|4.897|1.054|7.528
4710|4.584|1.328|7.084
4720|4.805|1.093|8.334
4730|4.910|1.131|4.958
4740|4.685|1.250|4.998
4750|4.949|1.181|7.528
4760|4.842|1.328|6.668
4770|4.950|1.215|7.533
4780|4.609|1.093|7.709
4790|4.974|1.176|8.334
4800|4.900|1.181|7.606
4810|4.988|1.015|6.981
4820|4.902|1.181|7.084
4830|4.609|1.328|7.709
4840|4.585|1.181|7.396
4850|4.803|1.368|7.294
4860|4.949|1.212|7.084
4870|4.988|1.319|7.084
4880|4.974|1.212|4.998
4890|4.687|1.211|7.709
4900|4.951|1.368|6.668
4910|4.609|1.328|7.665
4920|4.973|1.215|7.084
4930|4.950|1.231|7.841
4940|4.805|1.250|8.334
4950|4.795|1.328|6.668
4960|4.976|1.212|7.709
4970|4.897|1.231|8.285
4980|4.687|1.328|5.838
4990|4.902|1.328|7.606
5000|4.839|1.015|6.458
5010|4.949|1.324|6.668
5020|4.685|1.368|6.668
5030|4.668|1.173|8.334
5040|4.795|1.176|7.709
5050|4.590|1.181|0.010
5060|4.687|1.330|-0.440
5070|4.949|1.181|-0.708
5080|4.590|1.368|-1.055
5090|4.910|1.093|-2.496
5100|4.900|1.093|-0.977
5110|4.844|1.093|-1.065
5120|4.897|1.093|0.010
5130|4.949|1.015|0.005
5140|4.792|1.328|0.078
5150|4.900|1.189|-0.528
5160|4.585|1.407|-1.148
5170|4.951|1.015|0.000
5180|4.844|0.976|-0.997
5190|4.609|1.319|0.088
5200|4.910|1.368|0.088
5210|4.687|1.211|0.313
5220|4.795|1.089|-0.997
5230|4.902|0.976|-0.977
5240|4.897|1.241|-0.518
5250|4.838|1.328|-0.440
5260|4.897|1.368|0.020
5270|4.976|1.368|0.039
5280|4.792|1.269|-0.606
5290|4.949|1.415|-1.339
5300|4.685|1.089|0.020
5310|4.900|1.232|0.010
5320|4.687|1.093|-0.528
5330|4.949|1.328|-1.197
5340|4.687|1.015|-0.528
5350|4.687|1.328|-0.992
5360|4.949|1.212|-1.412
5370|4.805|0.956|-0.596
5380|4.902|1.215|-0.528
5390|4.802|1.089|0.039
5400|4.976|1.092|-1.055
5410|4.792|1.215|-1.055
5420|4.842|1.328|0.039
5430|4.609|1.093|0.010
5440|4.974|1.215|-0.435
5450|4.949|1.220|-0.997
5460|4.609|1.215|-0.596
5470|4.950|1.092|0.039
5480|4.590|1.408|0.005
5490|4.832|1.173|-1.431
5500|4.678|1.215|-1.490
5510|4.683|1.328|-0.997
5520|4.590|1.089|-0.518
5530|4.950|1.015|-0.596
5540|4.949|1.212|-1.412
5550|4.949|1.220|-1.153
5560|4.988|1.232|-1.065
5570|4.949|1.015|-0.435
5580|4.949|1.220|-0.440
5590|4.795|1.093|-0.528
5600|4.805|1.089|-0.596
5610|4.988|1.215|7.294
5620|4.949|1.328|4.998
5630|4.974|1.211|4.998
5640|4.900|1.176|4.998
5650|4.976|1.215|8.329
5660|4.974|1.212|7.709
5670|4.949|1.212|6.668
5680|4.978|1.212|4.998
5690|4.585|1.407|7.040
5700|4.976|1.219|6.771
5710|4.897|1.407|7.147
5720|4.805|1.368|7.294
5730|4.994|1.328|5.857
5740|4.838|1.093|4.998
5750|4.792|1.176|7.294
5760|4.792|1.093|6.712
5770|4.974|1.407|6.771
5780|4.902|1.215|8.324
5790|4.976|1.212|8.334
5800|4.910|1.181|4.998
5810|4.900|1.212|8.324
5820|4.988|1.407|7.704
5830|4.681|1.215|7.513
5840|4.792|1.015|6.771
5850|4.976|1.220|7.709
5860|4.590|0.976|7.919
5870|4.590|1.179|6.668
5880|4.988|1.328|4.998
5890|4.949|1.368|6.712
5900|4.687|1.330|6.673
5910|4.590|1.252|8.168
5920|4.805|1.215|8.334
5930|4.900|1.054|8.334
5940|4.803|1.215|7.084
5950|4.585|1.220|6.668
5960|4.988|1.220|8.129
5970|4.902|1.220|8.324
5980|4.792|1.328|8.334
5990|4.609|1.407|7.162
6000|4.838|1.215|7.059
6010|4.608|1.232|7.709
6020|4.897|1.212|8.310
6030|4.668|1.328|8.334
6040|4.949|1.093|7.084
6050|4.668|1.093|4.841
6060|4.988|1.015|7.606
6070|4.949|1.000|7.919
6080|4.609|1.234|7.098
6090|4.902|1.387|4.998
6100|4.584|1.328|7.528
6110|4.795|1.368|8.285
6120|4.687|1.181|8.134
6130|4.897|1.015|6.693
6140|4.896|1.015|7.606
6150|4.955|1.098|4.993
6160|4.795|1.309|4.998
6170|4.990|1.015|-1.075
6180|4.990|1.093|-0.977
6190|4.795|1.328|0.005
6200|4.988|1.220|0.044
6210|4.950|1.212|-0.992
6220|4.590|1.368|0.083
6230|4.949|1.212|-0.440
6240|4.949|1.176|0.000
6250|4.897|1.258|0.010
6260|4.951|1.034|-0.518
6270|4.988|1.328|0.005
6280|4.896|1.015|-0.518
6290|4.685|1.092|-2.496
6300|4.805|1.085|0.078
6310|4.900|1.211|0.020
6320|4.687|1.328|-0.743
6330|4.844|1.212|0.039
6340|4.795|1.328|-1.109
6350|4.609|1.328|-1.954
6360|4.687|1.054|0.083
6370|4.988|1.092|0.005
6380|4.844|1.172|-0.997
6390|4.998|1.015|-0.997
6400|4.818|1.219|0.020
6410|4.897|1.212|-1.055
6420|4.792|1.024|-1.153
6430|4.795|1.172|-1.431
6440|4.988|1.015|-1.148
6450|4.949|1.232|-1.021
6460|4.897|1.328|0.156
6470|4.897|1.015|-0.528
6480|4.988|1.358|-0.528
6490|4.900|1.411|-1.055
6500|4.663|1.015|0.000
6510|4.897|1.368|0.005
6520|4.988|1.368|-2.653
6530|4.974|1.231|-0.987
6540|4.949|1.211|0.000
6550|4.902|1.211|-1.133
6560|4.949|1.284|0.039
6570|4.590|1.330|-1.109
6580|4.949|1.172|-0.518
6590|4.897|1.103|-1.133
6600|4.842|1.232|-1.422
6610|4.988|1.215|-0.518
6620|4.896|1.112|-0.528
6630|4.974|1.328|0.083
6640|4.999|1.212|-1.490
6650|4.949|1.328|-0.987
6660|4.585|1.328|-0.992
6670|4.960|1.176|0.083
6680|4.949|1.212|0.083
6690|4.950|1.093|0.044
6700|4.805|1.358|0.156
6710|4.974|1.211|0.039
6720|4.687|1.176|0.005
6730|4.949|1.410|4.998
6740|4.951|1.093|8.290
6750|4.687|1.215|6.771
6760|4.974|1.217|8.134
6770|4.685|0.956|6.668
6780|4.974|1.212|7.684
6790|4.896|1.319|7.553
6800|4.900|0.858|8.153
6810|4.949|1.328|6.873
6820|4.998|1.212|7.709
6830|4.685|1.093|5.838
6840|4.976|1.074|6.668
6850|4.974|1.181|8.324
6860|4.949|1.488|7.553
6870|4.607|1.328|7.709
6880|4.900|1.093|8.334
6890|4.687|1.093|6.668
6900|4.896|1.092|6.668
6910|4.919|1.170|8.285
6920|4.805|1.211|8.290
6930|4.949|1.093|8.334
6940|4.974|1.211|7.709
6950|4.609|1.212|7.528
6960|4.974|1.215|7.421
6970|4.950|1.093|8.334
6980|4.949|1.176|7.084
6990|4.949|1.093|7.709
7000|4.897|1.220|6.668
7010|4.988|1.015|7.709
7020|4.792|1.172|6.668
7030|4.974|1.309|4.998
7040|4.949|1.328|4.958
7050|4.900|1.093|6.668
7060|4.998|1.181|7.606
7070|4.609|1.328|7.553
7080|4.949|1.232|4.949
7090|4.897|1.093|6.668
7100|4.687|1.250|4.988
7110|4.792|1.328|5.838
7120|4.799|1.092|8.334
7130|4.988|1.250|6.668
7140|4.792|1.215|7.606
7150|4.805|1.269|8.324
7160|4.949|1.215|6.869
7170|4.687|1.328|4.998
7180|4.363|1.034|7.084
7190|4.974|1.093|8.153
7200|4.951|1.368|7.513
7210|4.902|1.415|8.334
7220|4.668|1.111|6.981
7230|4.795|1.328|6.693
7240|4.795|1.328|6.668
7250|4.685|1.215|8.334
7260|4.988|1.407|6.668
7270|4.897|1.092|4.958
7280|4.590|1.232|0.083
7290|4.803|1.181|0.039
7300|4.902|1.162|-1.026
7310|4.834|0.995|-0.997
7320|4.686|1.328|-1.422
7330|4.897|1.410|-0.440
7340|4.832|1.212|0.000
7350|4.949|1.176|-1.065
7360|4.585|1.212|-2.496
7370|4.902|1.015|0.000
7380|4.681|1.212|-0.528
7390|4.792|1.234|0.083
7400|4.842|1.328|0.020
7410|4.897|1.112|-1.153
7420|4.951|1.181|-0.997
7430|4.949|1.054|-0.528
7440|4.792|1.212|-0.997
7450|4.687|1.215|-0.440
7460|4.795|1.319|-0.997
7470|4.902|1.328|0.083
7480|4.584|1.231|-1.148
7490|4.584|1.176|-0.528
7500|4.949|1.181|-1.153
7510|4.795|1.015|0.039
7520|4.900|1.093|-0.528
7530|4.974|1.181|0.000
7540|4.976|1.220|0.000
7550|4.974|1.215|-0.528
7560|4.949|1.093|-0.997
7570|4.988|1.212|0.083
7580|4.805|1.328|-0.518
7590|4.609|1.328|0.093
7600|4.951|1.368|-0.440
7610|4.949|1.570|-0.518
7620|4.950|1.211|-0.528
7630|4.584|1.328|0.039
7640|4.792|1.176|-1.153
7650|4.838|1.328|0.020
7660|4.609|1.328|-0.606
7670|4.792|1.176|-1.055
7680|4.795|1.211|0.005
7690|4.687|1.212|-0.508
7700|4.687|1.015|-0.997
7710|4.949|1.162|0.078
7720|4.950|1.212|0.156
7730|4.988|1.348|0.005
7740|4.687|1.328|-1.065
7750|4.818|1.093|-1.133
7760|4.590|1.328|0.039
7770|4.687|1.231|0.010
7780|4.792|1.212|-0.454
7790|4.974|1.089|-1.334
7800|4.803|1.215|0.005
7810|4.988|1.211|0.039
7820|4.949|1.368|0.039
7830|4.974|1.176|0.039
7840|4.896|1.348|8.290
7850|4.950|1.411|7.665
7860|4.792|1.089|4.949
7870|4.795|1.215|6.849
7880|4.589|1.054|6.668
7890|4.609|1.408|7.709
7900|4.803|1.176|7.919
7910|4.949|1.328|6.693
7920|4.949|1.093|7.709
7930|4.805|1.368|5.857
7940|4.895|1.212|7.084
7950|4.900|1.181|8.153
7960|4.842|1.189|8.285
7970|4.900|1.409|4.949
7980|4.897|1.328|4.998
7990|4.838|1.250|6.771
8000|4.902|1.234|7.699
8010|4.609|1.232|7.709
8020|4.897|0.956|7.709
8030|4.949|1.211|4.998
8040|4.951|1.328|7.919
8050|4.799|1.181|6.668
8060|4.792|1.212|6.668
8070|4.897|1.328|8.334
8080|4.976|1.328|4.841
8090|4.842|1.289|7.084
8100|4.609|1.330|4.988
8110|4.590|1.015|8.178
8120|4.950|1.328|7.084
8130|4.902|0.976|7.919
8140|4.687|1.176|7.709
8150|4.949|1.319|6.668
8160|4.988|1.215|4.998
8170|4.687|1.250|4.831
8180|4.792|1.054|6.668
8190|4.950|1.176|7.059
8200|4.792|1.232|6.712
8210|4.897|1.215|8.324
8220|4.897|1.090|7.841
8230|4.897|1.289|4.998
8240|4.803|1.330|7.543
8250|4.897|0.937|8.334
8260|4.687|1.486|8.334
8270|4.687|1.328|7.084
8280|4.687|1.250|7.553
8290|4.949|1.407|4.998
8300|4.900|1.231|4.998
8310|4.998|1.241|4.998
8320|4.805|1.054|7.084
8330|4.949|1.368|4.841
8340|4.949|1.176|6.673
8350|4.792|1.242|7.059
8360|4.687|1.328|4.958
8370|4.949|1.176|4.998
8380|4.902|1.176|7.079
8390|4.949|1.368|6.693
8400|4.949|1.212|-1.060
8410|4.949|1.330|0.000
8420|4.685|1.173|-0.977
8430|4.792|1.173|-0.537
8440|4.949|1.211|-1.055
8450|4.951|1.220|-0.381
8460|4.609|1.176|-0.977
8470|4.980|1.015|0.078
8480|4.988|1.241|-1.431
8490|4.919|1.055|-1.734
8500|4.687|1.212|0.005
8510|4.976|1.327|-0.440
8520|4.988|1.328|-0.449
8530|4.896|1.015|-0.440
8540|4.609|1.387|-1.153
8550|4.805|1.387|-0.508
8560|4.685|1.176|0.083
8570|4.609|1.212|0.122
8580|4.949|1.181|0.000
8590|4.590|1.410|0.005
8600|4.685|1.084|-1.153
8610|4.687|1.112|-1.148
8620|4.974|1.252|-0.997
8630|4.609|1.409|0.156
8640|4.910|1.409|-0.997
8650|4.838|1.220|0.000
8660|4.902|1.234|-1.431
8670|4.990|1.252|-0.440
8680|4.687|1.289|0.044
8690|4.685|1.176|-1.339
8700|4.838|1.414|-1.065
8710|4.871|1.232|-0.518
8720|4.668|1.176|-0.537
8730|4.974|1.328|-0.440
8740|4.609|1.289|-1.065
8750|4.951|1.092|0.039
8760|4.838|1.250|-0.518
8770|4.792|1.328|-0.440
8780|4.919|1.015|-0.352
8790|4.687|1.319|0.332
8800|4.950|1.092|-0.518
8810|4.805|1.015|-0.508
8820|4.609|1.212|0.000
8830|4.687|1.181|0.010
8840|4.590|1.093|-1.412
8850|4.902|1.524|-0.992
8860|4.896|1.232|-0.528
8870|4.685|1.220|0.083
8880|4.590|1.017|-0.381
8890|4.949|1.093|-0.528
8900|4.842|1.289|-0.518
8910|4.686|1.328|-0.440
8920|4.988|1.328|0.088
8930|4.687|1.328|-0.440
8940|4.949|1.215|0.000
8950|4.897|1.328|-0.440
8960|4.974|1.250|6.668
8970|4.803|1.220|6.668
8980|4.988|1.093|8.232
8990|4.951|1.328|4.998
9000|4.900|1.309|8.334
9010|4.590|1.410|7.709
9020|4.838|1.015|7.709
9030|4.687|1.215|8.134
9040|4.976|1.232|5.857
9050|4.910|1.181|6.707
9060|4.687|1.215|5.926
9070|4.805|1.176|6.693
9080|4.584|1.407|7.118
9090|4.949|1.215|7.098
9100|4.949|1.232|8.153
9110|4.897|1.328|7.709
9120|4.805|1.328|7.240
9130|4.897|1.368|8.153
9140|4.897|1.289|8.334
9150|4.949|1.326|7.274
9160|4.838|1.328|7.587
9170|4.902|1.179|4.998
9180|4.687|1.170|7.919
9190|4.838|1.348|8.285
9200|4.805|1.181|6.668
9210|4.902|1.176|6.693
9220|4.949|1.289|8.334
9230|4.842|1.092|6.668
9240|4.832|1.176|8.334
9250|4.900|1.328|4.841
9260|4.900|1.211|4.998
9270|4.902|1.348|7.699
9280|4.609|1.328|7.709
9290|4.951|1.034|6.717
9300|4.974|1.215|4.958
9310|4.988|1.346|7.137
9320|4.988|1.015|8.129
9330|4.842|1.093|6.668
9340|4.609|1.234|6.771
9350|4.678|1.328|7.709
9360|4.687|1.093|8.334
9370|4.675|1.328|5.857
9380|4.949|1.093|6.673
9390|4.678|1.093|7.084
9400|4.792|1.328|8.324
9410|4.803|1.212|7.084
9420|4.609|1.328|7.137
9430|4.795|1.408|8.285
9440|4.902|1.568|6.771
9450|4.675|1.179|8.324
9460|4.950|1.368|8.324
9470|4.976|1.176|7.030
9480|4.609|1.212|8.149
9490|4.792|1.409|4.998
9500|4.675|1.089|7.709
9510|4.792|1.330|6.981
9520|4.974|1.328|-1.148
9530|4.949|1.093|0.078
9540|4.949|1.414|-0.997
9550|4.947|0.937|-0.528
9560|4.949|0.955|0.117
9570|4.949|1.324|-1.065
9580|4.585|1.328|-2.496
9590|4.951|1.173|0.039
9600|4.951|1.179|0.713
9610|4.584|1.328|-0.518
9620|4.897|1.173|0.078
9630|4.585|1.181|-0.518
9640|4.910|1.092|-0.508
9650|4.919|1.093|-0.435
9660|4.949|1.220|0.083
9670|4.950|1.409|-0.982
9680|4.585|1.173|-1.065
9690|4.949|1.015|0.005
9700|4.950|1.093|0.005
9710|4.792|1.176|-0.440
9720|4.897|1.309|-0.528
9730|4.590|1.245|0.039
9740|4.818|1.215|-1.422
9750|4.668|1.424|-1.065
9760|4.685|1.407|-0.977
9770|4.603|1.015|0.044
9780|4.795|1.176|-0.528
9790|4.842|1.093|-0.518
9800|4.842|1.409|0.156
9810|4.838|1.231|0.044
9820|4.988|1.252|-1.158
9830|4.795|1.328|0.039
9840|4.950|1.231|-0.352
9850|4.902|1.486|-0.440
9860|4.902|1.093|-1.153
9870|4.974|1.093|-1.065
9880|4.589|1.328|-0.528
9890|4.792|1.348|-0.508
9900|4.687|1.368|-0.362
9910|4.988|1.215|-1.148
9920|4.897|1.215|0.313
9930|4.974|1.328|-0.352
9940|4.949|1.176|-0.528
9950|4.687|1.176|-0.596
9960|4.585|1.487|-0.528
9970|4.976|1.220|-0.518
9980|4.988|1.093|-1.148
9990|4.988|1.328|0.083
10000|4.973|1.411|-0.440
10010|4.687|1.015|-0.518
10020|4.818|1.215|-1.490
10030|4.949|1.173|-0.997
10040|4.685|1.212|-0.977
10050|4.842|1.328|-1.055
10060|4.949|1.407|-1.055
10070|4.805|1.089|-0.997
10080|4.842|1.565|6.668
10090|4.834|1.173|6.668
10100|4.976|1.348|6.707
10110|4.988|1.368|6.668
10120|4.687|1.211|7.606
10130|4.949|1.176|8.334
10140|4.805|1.176|4.998
10150|4.685|1.368|6.668
10160|4.900|1.231|7.919
10170|4.585|1.368|8.290
10180|4.590|1.176|6.693
10190|4.980|1.328|6.849
10200|4.951|1.220|8.285
10210|4.803|1.093|7.606
10220|4.949|1.176|7.137
10230|4.805|1.093|8.295
10240|4.976|1.089|6.693
10250|4.375|1.092|7.108
10260|4.949|1.212|6.771
10270|4.896|1.212|7.137
10280|4.949|1.173|5.857
10290|4.687|0.819|4.998
10300|4.838|1.093|7.294
10310|4.949|1.190|6.771
10320|4.949|1.387|8.129
