TS|CH0|CH1|CH2
10|3.897|0.000|-1.685
20|3.897|0.000|-1.612
30|3.885|0.000|-1.597
40|3.877|0.000|-1.529
50|3.888|0.000|-1.426
60|3.906|0.000|-1.417
70|3.902|0.000|-1.343
80|3.907|0.000|-1.295
90|3.917|0.000|-1.236
100|3.867|0.000|-1.124
110|3.890|0.000|-1.158
120|3.888|0.000|-1.085
130|3.883|0.000|-1.001
140|3.897|0.000|-1.031
150|3.897|0.000|-1.050
160|3.886|0.000|-0.928
170|3.877|0.000|-0.879
180|3.884|0.000|-0.796
190|3.885|0.000|-0.796
200|3.902|0.000|-0.747
210|3.886|0.000|-0.669
220|3.847|0.000|-0.616
230|3.906|0.000|-0.591
240|3.872|0.000|-0.620
250|3.847|0.000|-0.503
260|3.867|0.000|-0.420
270|3.888|0.000|-0.396
280|3.868|0.000|-0.303
290|3.905|0.000|-0.278
300|3.893|0.000|-0.249
310|3.867|0.000|-0.147
320|3.897|0.000|-0.107
330|3.907|0.000|-0.093
340|3.899|0.000|0.000
350|3.877|0.000|0.005
360|3.877|0.000|0.083
370|3.886|0.000|0.195
380|3.867|0.000|0.195
390|3.917|0.000|0.234
400|3.875|0.000|0.269
410|3.888|0.000|0.386
420|3.905|0.000|0.347
430|3.867|0.000|0.469
440|3.886|0.000|0.425
450|3.897|0.000|0.532
460|3.871|0.000|0.616
470|3.896|0.000|0.684
480|3.877|0.000|0.660
490|3.906|0.000|0.718
500|3.867|0.000|0.806
510|3.883|0.000|0.860
520|3.886|0.000|0.874
530|3.893|0.000|0.953
540|3.906|0.000|1.016
550|3.882|0.000|1.089
560|3.889|0.000|1.094
570|3.885|0.000|1.168
580|3.902|0.000|1.187
590|3.877|0.000|1.255
600|3.877|0.000|1.368
610|3.917|0.000|1.456
620|3.893|0.000|1.402
630|3.905|0.000|1.412
640|3.888|0.000|1.539
650|3.886|0.000|1.681
660|3.897|0.000|1.637
670|3.867|0.000|1.720
680|3.883|0.000|1.788
690|3.895|0.000|1.861
700|3.862|0.000|-3.879
710|3.905|0.000|-3.864
720|3.886|0.000|-3.806
730|3.905|0.000|-3.708
740|3.879|0.000|-3.766
750|3.874|0.000|-3.649
760|3.886|0.000|-3.571
770|3.872|0.000|-3.459
780|3.897|0.000|-3.454
790|3.888|0.000|-3.395
800|3.877|0.000|-3.312
810|3.907|0.000|-3.273
820|3.886|0.000|-3.205
830|3.889|0.000|-3.180
840|3.882|0.000|-3.117
850|3.888|0.000|-3.029
860|3.906|0.000|-3.019
870|3.886|0.000|-3.004
880|3.867|0.000|-2.931
890|3.886|0.000|-2.902
900|3.867|0.000|-2.770
910|3.888|0.000|-2.706
920|3.867|0.000|-2.667
930|3.867|0.000|-2.692
940|3.862|0.000|-2.584
950|3.888|0.000|-2.594
960|3.907|0.000|-2.531
970|3.888|0.000|-2.423
980|3.874|0.000|-2.477
990|3.902|0.000|-2.335
1000|3.886|0.000|-2.364
1010|3.882|0.000|-2.277
1020|3.882|0.000|-2.252
1030|3.907|0.000|-2.203
1040|3.857|0.000|-2.145
1050|3.884|0.000|-2.106
1060|3.877|0.000|-2.057
1070|3.893|0.000|-2.062
1080|3.894|0.000|-1.949
1090|3.867|0.000|-1.866
1100|3.885|0.000|-1.832
1110|3.906|0.000|-1.715
1120|3.867|0.000|-1.715
1130|3.886|0.000|-1.637
1140|3.906|0.000|-1.573
1150|3.888|0.000|-1.500
1160|3.883|0.000|-1.475
1170|3.899|0.000|-1.480
1180|3.889|0.000|-1.319
1190|3.886|0.000|-1.334
1200|3.888|0.000|-1.221
1210|3.878|0.000|-1.241
1220|3.913|0.000|-1.226
1230|3.864|0.000|-1.148
1240|3.867|0.000|-1.031
1250|3.907|0.000|-0.992
1260|3.904|0.000|-1.006
1270|3.906|0.000|-1.045
1280|3.888|0.000|-0.982
1290|3.886|0.000|-0.884
1300|3.867|0.000|-0.787
1310|3.897|0.000|-0.806
1320|3.860|0.000|-0.738
1330|3.872|0.000|-0.699
1340|3.893|0.000|-0.699
1350|3.902|0.000|-0.542
1360|3.882|0.000|-0.513
1370|3.896|0.000|-0.484
1380|3.897|0.000|-0.391
1390|3.888|0.000|-0.313
1400|3.906|0.000|-0.308
1410|3.867|0.000|-0.308
1420|3.888|0.000|-0.200
1430|3.885|0.000|-0.210
1440|3.888|0.000|-0.073
1450|3.905|0.000|-0.068
1460|3.886|0.000|0.000
1470|3.905|0.000|0.034
1480|3.906|0.000|0.073
1490|3.891|0.000|0.142
1500|3.874|0.000|0.176
1510|3.877|0.000|0.254
1520|3.893|0.000|0.151
1530|3.867|0.000|0.347
1540|3.872|0.000|0.391
1550|3.877|0.000|0.274
1560|3.877|0.000|0.518
1570|3.888|0.000|0.532
1580|3.886|0.000|0.567
1590|3.867|0.000|0.684
1600|3.886|0.000|0.655
1610|3.877|0.000|0.640
1620|3.885|0.000|0.767
1630|3.890|0.000|0.860
1640|3.867|0.000|0.874
1650|3.877|0.000|1.016
1660|3.879|0.000|0.997
1670|3.922|0.000|1.085
1680|3.897|0.000|1.070
1690|3.906|0.000|1.148
1700|3.907|0.000|1.231
1710|3.907|0.000|1.270
1720|3.888|0.000|1.358
1730|3.984|0.000|1.363
1740|3.883|0.000|1.446
1750|3.877|0.000|1.461
1760|3.935|0.000|1.563
1770|3.879|0.000|1.607
1780|3.905|0.000|1.637
1790|3.946|0.000|1.720
1800|3.886|0.000|1.817
1810|3.905|0.000|1.822
1820|3.879|0.000|-3.869
1830|3.902|0.000|-3.762
1840|3.900|0.000|-3.747
1850|3.961|0.000|-3.693
1860|3.902|0.000|-3.683
1870|3.906|0.000|-3.615
1880|3.877|0.000|-3.561
1890|3.877|0.000|-3.459
1900|3.877|0.000|-3.429
1910|3.907|0.000|-3.385
1920|3.897|0.000|-3.356
1930|3.886|0.000|-3.307
1940|3.902|0.000|-3.205
1950|3.902|0.000|-3.166
1960|3.902|0.000|-3.117
1970|3.888|0.000|-3.161
1980|3.906|0.000|-3.058
1990|3.867|0.000|-2.985
2000|3.897|0.000|-2.965
2010|3.888|0.000|-2.843
2020|3.886|0.000|-2.848
2030|3.878|0.000|-2.765
2040|3.877|0.000|-2.726
2050|3.888|0.000|-2.672
2060|3.905|0.000|-2.633
2070|3.905|0.000|-2.511
2080|3.906|0.000|-2.452
2090|3.905|0.000|-2.443
2100|3.867|0.000|-2.428
2110|3.902|0.000|-2.418
2120|3.895|0.000|-2.301
2130|3.871|0.000|-2.257
2140|3.897|0.000|-2.198
2150|3.883|0.000|-2.115
2160|3.873|0.000|-2.101
2170|3.877|0.000|-1.993
2180|3.897|0.000|-1.983
2190|3.867|0.000|-1.925
2200|3.906|0.000|-1.930
2210|3.905|0.000|-1.827
2220|3.877|0.000|-1.793
2230|3.867|0.000|-1.710
2240|3.886|0.000|-1.729
2250|3.893|0.000|-1.597
2260|3.867|0.000|-1.607
2270|3.886|0.000|-1.514
2280|3.882|0.000|-1.519
2290|3.864|0.000|-1.446
2300|3.877|0.000|-1.402
2310|3.900|0.000|-1.319
2320|3.867|0.000|-1.241
2330|3.902|0.000|-1.172
2340|3.905|0.000|-1.187
2350|3.867|0.000|-1.163
2360|3.877|0.000|-1.089
2370|3.877|0.000|-0.938
2380|3.897|0.000|-1.045
2390|3.889|0.000|-0.967
2400|3.906|0.000|-0.972
2410|3.867|0.000|-0.914
2420|3.867|0.000|-0.816
2430|3.867|0.000|-0.796
2440|3.877|0.000|-0.664
2450|3.907|0.000|-0.660
2460|3.885|0.000|-0.620
2470|3.906|0.000|-0.518
2480|3.889|0.000|-0.523
2490|3.905|0.000|-0.484
2500|3.877|0.000|-0.381
2510|3.882|0.000|-0.366
2520|3.897|0.000|-0.308
2530|3.906|0.000|-0.308
2540|3.886|0.000|-0.151
2550|3.906|0.000|-0.147
2560|3.888|0.000|-0.073
2570|3.877|0.000|-0.073
2580|3.886|0.000|0.020
2590|3.901|0.000|0.000
2600|3.902|0.000|0.073
2610|3.902|0.000|0.161
2620|3.896|0.000|0.191
2630|3.902|0.000|0.274
2640|3.882|0.000|0.322
2650|3.877|0.000|0.337
2660|3.906|0.000|0.371
2670|3.902|0.000|0.489
2680|3.872|0.000|0.625
2690|3.877|0.000|0.586
2700|3.877|0.000|0.660
2710|3.882|0.000|0.625
2720|3.883|0.000|0.703
2730|3.901|0.000|0.782
2740|3.875|0.000|0.796
2750|3.877|0.000|0.821
2760|3.877|0.000|0.977
2770|3.877|0.000|0.972
2780|3.888|0.000|1.026
2790|3.877|0.000|1.153
2800|3.874|0.000|1.089
2810|3.906|0.000|1.168
2820|3.867|0.000|1.212
2830|3.877|0.000|1.251
2840|3.888|0.000|1.324
2850|3.886|0.000|1.363
2860|3.877|0.000|1.461
2870|3.879|0.000|1.461
2880|3.868|0.000|1.563
2890|3.891|0.000|1.597
2900|3.877|0.000|1.637
2910|3.899|0.000|1.778
2920|3.905|0.000|1.817
2930|3.907|0.000|1.754
2940|3.867|0.000|-3.933
2950|3.867|0.000|-3.840
2960|3.900|0.000|-3.742
2970|3.877|0.000|-3.718
2980|3.906|0.000|-3.635
2990|3.878|0.000|-3.571
3000|3.882|0.000|-3.542
3010|3.867|0.000|-3.532
3020|3.888|0.000|-3.381
3030|3.897|0.000|-3.395
3040|3.869|0.000|-3.312
3050|3.907|0.000|-3.244
3060|3.905|0.000|-3.175
3070|3.877|0.000|-3.122
3080|3.902|0.000|-3.117
3090|3.893|0.000|-3.087
3100|3.905|0.000|-3.024
3110|3.877|0.000|-2.970
3120|3.872|0.000|-2.907
3130|3.867|0.000|-2.868
3140|3.877|0.000|-2.824
3150|3.857|0.000|-2.736
3160|3.900|0.000|-2.687
3170|3.893|0.000|-2.609
3180|3.879|0.000|-2.550
3190|3.906|0.000|-2.535
3200|3.884|0.000|-2.467
3210|3.874|0.000|-2.418
3220|3.886|0.000|-2.413
3230|3.893|0.000|-2.340
3240|3.907|0.000|-2.320
3250|3.945|0.000|-2.301
3260|3.897|0.000|-2.203
3270|3.902|0.000|-2.130
3280|3.897|0.000|-2.101
3290|3.905|0.000|-2.003
3300|3.867|0.000|-2.047
3310|3.882|0.000|-1.944
3320|3.888|0.000|-1.876
3330|3.877|0.000|-1.832
3340|3.879|0.000|-1.793
3350|3.896|0.000|-1.764
3360|3.905|0.000|-1.715
3370|3.872|0.000|-1.578
3380|3.906|0.000|-1.553
3390|3.877|0.000|-1.495
3400|3.877|0.000|-1.441
3410|3.867|0.000|-1.402
3420|3.906|0.000|-1.348
3430|3.872|0.000|-1.270
3440|3.872|0.000|-1.255
3450|3.907|0.000|-1.163
3460|3.897|0.000|-1.168
3470|3.873|0.000|-1.128
3480|3.902|0.000|-1.045
3490|3.868|0.000|-0.938
3500|3.893|0.000|-1.031
3510|3.907|0.000|-0.982
3520|3.867|0.000|-0.957
3530|3.902|0.000|-0.904
3540|3.877|0.000|-0.777
3550|3.901|0.000|-0.772
3560|3.886|0.000|-0.674
3570|3.880|0.000|-0.699
3580|3.879|0.000|-0.591
3590|3.882|0.000|-0.523
3600|3.877|0.000|-0.562
3610|3.902|0.000|-0.459
3620|3.907|0.000|-0.386
3630|3.886|0.000|-0.386
3640|3.888|0.000|-0.264
3650|3.877|0.000|-0.259
3660|3.906|0.000|-0.205
3670|3.904|0.000|-0.083
3680|3.884|0.000|-0.132
3690|3.897|0.000|-0.024
3700|3.900|0.000|-0.112
3710|3.906|0.000|0.078
3720|3.877|0.000|0.142
3730|3.897|0.000|0.142
3740|3.877|0.000|0.210
3750|3.901|0.000|0.259
3760|3.879|0.000|0.318
3770|3.901|0.000|0.420
3780|3.888|0.000|0.386
3790|3.882|0.000|0.425
3800|3.867|0.000|0.523
3810|3.882|0.000|0.567
3820|3.897|0.000|0.625
3830|3.882|0.000|0.660
3840|3.902|0.000|0.699
3850|3.888|0.000|0.699
3860|3.867|0.000|0.821
3870|3.877|0.000|0.909
3880|3.871|0.000|0.894
3890|3.877|0.000|0.953
3900|3.906|0.000|1.085
3910|3.897|0.000|1.050
3920|3.910|0.000|1.089
3930|3.882|0.000|1.158
3940|3.906|0.000|1.251
3950|3.907|0.000|1.265
3960|3.891|0.000|1.383
3970|3.906|0.000|1.334
3980|3.910|0.000|1.490
3990|3.884|0.000|1.549
4000|3.897|0.000|1.558
4010|3.886|0.000|1.597
4020|3.877|0.000|1.720
4030|3.905|0.000|1.715
4040|3.889|0.000|1.754
4050|3.886|0.000|-3.898
4060|3.862|0.000|-3.859
4070|3.905|0.000|-3.771
4080|3.900|0.000|-3.747
4090|3.905|0.000|-3.727
4100|3.896|0.000|-3.639
4110|3.867|0.000|-3.610
4120|3.902|0.000|-3.532
4130|3.867|0.000|-3.498
4140|3.878|0.000|-3.439
4150|3.877|0.000|-3.400
4160|3.867|0.000|-3.298
4170|3.867|0.000|-3.258
4180|3.889|0.000|-3.205
4190|3.907|0.000|-3.170
4200|3.869|0.000|-3.117
4210|3.888|0.000|-3.000
4220|3.867|0.000|-3.043
4230|3.847|0.000|-2.985
4240|3.888|0.000|-2.882
4250|3.882|0.000|-2.853
4260|3.847|0.000|-2.726
4270|3.890|0.000|-2.750
4280|3.877|0.000|-2.677
4290|3.886|0.000|-2.672
4300|3.901|0.000|-2.531
4310|3.867|0.000|-2.516
4320|3.888|0.000|-2.487
4330|3.884|0.000|-2.491
4340|3.888|0.000|-2.404
4350|3.869|0.000|-2.389
4360|3.877|0.000|-2.257
4370|3.907|0.000|-2.272
4380|3.877|0.000|-2.218
4390|3.867|0.000|-2.140
4400|3.893|0.000|-2.032
4410|3.873|0.000|-2.022
4420|3.901|0.000|-2.027
4430|3.894|0.000|-1.930
4440|3.897|0.000|-1.710
4450|3.867|0.000|-1.847
4460|3.896|0.000|-1.832
4470|3.883|0.000|-1.759
4480|3.877|0.000|-1.715
4490|3.886|0.000|-1.666
4500|3.897|0.000|-1.597
4510|3.867|0.000|-1.544
4520|3.880|0.000|-1.480
4530|3.880|0.000|-1.397
4540|3.877|0.000|-1.339
4550|3.896|0.000|-1.353
4560|3.888|0.000|-1.285
4570|3.902|0.000|-1.124
4580|3.867|0.000|-1.246
4590|3.893|0.000|-1.055
4600|3.878|0.000|-1.089
4610|3.905|0.000|-1.138
4620|3.879|0.000|-1.050
4630|3.878|0.000|-0.948
4640|3.867|0.000|-0.948
4650|3.902|0.000|-0.855
4660|3.906|0.000|-0.855
4670|3.902|0.000|-0.772
4680|3.905|0.000|-0.625
4690|3.902|0.000|-0.640
4700|3.888|0.000|-0.576
4710|3.902|0.000|-0.601
4720|3.872|0.000|-0.547
4730|3.877|0.000|-0.396
4740|3.905|0.000|-0.464
4750|3.886|0.000|-0.347
4760|3.867|0.000|-0.327
4770|3.900|0.000|-0.308
4780|3.882|0.000|-0.191
4790|3.867|0.000|-0.112
4800|3.872|0.000|-0.132
4810|3.877|0.000|0.005
4820|3.877|0.000|0.098
4830|3.906|0.000|0.068
4840|3.902|0.000|0.112
4850|3.877|0.000|0.191
4860|3.917|0.000|0.230
4870|3.886|0.000|0.230
4880|3.875|0.000|0.347
4890|3.927|0.000|0.308
4900|3.888|0.000|0.347
4910|3.888|0.000|0.445
4920|3.917|0.000|0.469
4930|3.877|0.000|0.542
4940|3.877|0.000|0.674
4950|3.886|0.000|0.640
4960|3.888|0.000|0.660
4970|3.872|0.000|0.767
4980|3.897|0.000|0.860
4990|3.886|0.000|0.918
5000|3.902|0.000|0.884
5010|3.905|0.000|0.992
5020|3.893|0.000|1.119
5030|3.907|0.000|1.050
5040|3.904|0.000|1.109
5050|3.886|0.000|1.168
5060|3.907|0.000|1.290
5070|3.884|0.000|1.168
5080|3.867|0.000|1.397
5090|3.902|0.000|1.402
5100|3.905|0.000|1.480
5110|3.907|0.000|1.402
5120|3.885|0.000|1.622
5130|3.910|0.000|1.588
5140|3.893|0.000|1.681
5150|3.907|0.000|1.715
5160|3.867|0.000|1.803
5170|3.905|0.000|-3.898
5180|3.888|0.000|-3.869
5190|3.874|0.000|-3.815
5200|3.882|0.000|-3.683
5210|3.888|0.000|-3.664
5220|3.867|0.000|-3.600
5230|3.867|0.000|-3.591
5240|3.867|0.000|-3.532
5250|3.874|0.000|-3.493
5260|3.872|0.000|-3.415
5270|3.882|0.000|-3.351
5280|3.886|0.000|-3.346
5290|3.886|0.000|-3.273
5300|3.897|0.000|-3.136
5310|3.886|0.000|-3.156
5320|3.907|0.000|-3.083
5330|3.864|0.000|-3.000
5340|3.905|0.000|-3.019
5350|3.889|0.000|-3.122
5360|3.886|0.000|-2.853
5370|3.872|0.000|-2.858
5380|3.886|0.000|-2.789
5390|3.867|0.000|-2.726
5400|3.867|0.000|-2.648
5410|3.875|0.000|-2.589
5420|3.897|0.000|-2.614
5430|3.888|0.000|-2.496
5440|3.886|0.000|-2.511
5450|3.902|0.000|-2.477
5460|3.857|0.000|-2.433
5470|3.889|0.000|-2.296
5480|3.897|0.000|-2.340
5490|3.878|0.000|-2.301
5500|3.905|0.000|-2.223
5510|3.906|0.000|-2.081
5520|3.897|0.000|-2.062
5530|3.867|0.000|-2.066
5540|3.872|0.000|-1.998
5550|3.904|0.000|-1.915
5560|3.867|0.000|-1.866
5570|3.886|0.000|-1.847
5580|3.888|0.000|-1.720
5590|3.899|0.000|-1.690
5600|3.890|0.000|-1.715
5610|3.895|0.000|-1.637
5620|3.878|0.000|-1.602
5630|3.890|0.000|-1.480
5640|3.897|0.000|-1.510
5650|3.877|0.000|-1.441
5660|3.871|0.000|-1.402
5670|3.872|0.000|-1.324
5680|3.874|0.000|-1.246
5690|3.886|0.000|-1.241
5700|3.867|0.000|-1.085
5710|3.886|0.000|-1.085
5720|3.907|0.000|-1.006
5730|3.906|0.000|-1.080
5740|3.877|0.000|-1.050
5750|3.907|0.000|-0.943
5760|3.902|0.000|-0.933
5770|3.886|0.000|-0.855
5780|3.889|0.000|-0.806
5790|3.882|0.000|-0.757
5800|3.882|0.000|-0.738
5810|3.891|0.000|-0.625
5820|3.864|0.000|-0.547
5830|3.907|0.000|-0.537
5840|3.905|0.000|-0.464
5850|3.885|0.000|-0.420
5860|3.888|0.000|-0.381
5870|3.917|0.000|-0.366
5880|3.888|0.000|-0.278
5890|3.891|0.000|-0.269
5900|3.897|0.000|-0.156
5910|3.890|0.000|-0.161
5920|3.877|0.000|-0.112
5930|3.927|0.000|-0.039
5940|3.897|0.000|0.000
5950|3.888|0.000|0.078
5960|3.894|0.000|0.073
5970|3.867|0.000|0.191
5980|3.905|0.000|0.230
5990|3.896|0.000|0.352
6000|3.867|0.000|0.347
6010|3.867|0.000|0.327
6020|3.879|0.000|0.410
6030|3.894|0.000|0.508
6040|3.900|0.000|0.552
6050|3.879|0.000|0.606
6060|3.907|0.000|0.625
6070|3.867|0.000|0.723
6080|3.882|0.000|0.772
6090|3.897|0.000|0.782
6100|3.886|0.000|0.796
6110|3.882|0.000|0.840
6120|3.907|0.000|0.977
6130|3.886|0.000|1.011
6140|3.907|0.000|1.026
6150|3.886|0.000|1.114
6160|3.906|0.000|1.168
6170|3.906|0.000|1.207
6180|3.877|0.000|1.241
6190|3.877|0.000|1.255
6200|3.888|0.000|1.343
6210|3.874|0.000|1.426
6220|3.906|0.000|1.441
6230|3.886|0.000|1.470
6240|3.891|0.000|1.558
6250|3.872|0.000|1.593
6260|3.886|0.000|1.641
6270|3.872|0.000|1.720
6280|3.902|0.000|1.837
6290|3.937|0.000|-3.879
6300|3.872|0.000|-3.864
6310|3.884|0.000|-3.806
6320|3.906|0.000|-3.786
6330|3.888|0.000|-3.664
6340|3.888|0.000|-3.649
6350|3.905|0.000|-3.566
6360|3.888|0.000|-3.478
6370|3.886|0.000|-3.493
6380|3.896|0.000|-3.434
6390|3.864|0.000|-3.376
6400|3.897|0.000|-3.278
6410|3.922|0.000|-3.258
6420|3.866|0.000|-3.161
6430|3.867|0.000|-3.122
6440|3.944|0.000|-3.029
6450|3.874|0.000|-3.063
6460|3.886|0.000|-2.985
6470|3.905|0.000|-2.892
6480|3.867|0.000|-2.853
6490|3.874|0.000|-2.804
6500|3.966|0.000|-2.809
6510|3.888|0.000|-2.750
6520|3.877|0.000|-2.697
6530|3.935|0.000|-2.653
6540|3.879|0.000|-2.604
6550|3.906|0.000|-2.501
6560|3.927|0.000|-2.496
6570|3.878|0.000|-2.418
6580|3.882|0.000|-2.374
6590|3.917|0.000|-2.335
6600|3.902|0.000|-2.257
6610|3.886|0.000|-2.193
6620|3.939|0.000|-2.203
6630|3.893|0.000|-2.164
6640|3.884|0.000|-2.145
6650|3.927|0.000|-2.022
6660|3.882|0.000|-2.027
6670|3.890|0.000|-1.876
6680|3.888|0.000|-1.939
6690|3.877|0.000|-1.817
6700|3.905|0.000|-1.793
6710|3.906|0.000|-1.754
6720|3.877|0.000|-1.632
6730|3.891|0.000|-1.607
6740|3.891|0.000|-1.524
6750|3.907|0.000|-1.519
6760|3.874|0.000|-1.495
6770|3.889|0.000|-1.412
6780|3.897|0.000|-1.353
6790|3.902|0.000|-1.241
6800|3.877|0.000|-1.241
6810|3.891|0.000|-1.143
6820|3.906|0.000|-1.168
6830|3.902|0.000|-1.070
6840|3.905|0.000|-1.050
6850|3.867|0.000|-1.045
6860|3.905|0.000|-1.050
6870|3.872|0.000|-0.938
6880|3.906|0.000|-0.889
6890|3.886|0.000|-0.850
6900|3.871|0.000|-0.816
6910|3.891|0.000|-0.757
6920|3.890|0.000|-0.694
6930|3.895|0.000|-0.620
6940|3.902|0.000|-0.606
6950|3.896|0.000|-0.518
6960|3.893|0.000|-0.484
6970|3.902|0.000|-0.435
6980|3.868|0.000|-0.381
6990|3.867|0.000|-0.386
7000|3.905|0.000|-0.288
7010|3.896|0.000|-0.249
7020|3.877|0.000|-0.210
7030|3.888|0.000|-0.073
7040|3.877|0.000|-0.064
7050|3.877|0.000|-0.034
7060|3.891|0.000|0.073
7070|3.901|0.000|0.054
7080|3.877|0.000|0.117
7090|3.906|0.000|0.151
7100|3.888|0.000|0.308
7110|3.888|0.000|0.371
7120|3.907|0.000|0.313
7130|3.888|0.000|0.337
7140|3.872|0.000|0.469
7150|3.897|0.000|0.469
7160|3.905|0.000|0.503
7170|3.882|0.000|0.606
7180|3.902|0.000|0.694
7190|3.902|0.000|0.660
7200|3.886|0.000|0.703
7210|3.879|0.000|0.777
7220|3.875|0.000|0.855
7230|3.897|0.000|0.904
7240|3.902|0.000|0.987
7250|3.886|0.000|0.977
7260|3.839|0.000|1.094
7270|3.906|0.000|1.094
7280|3.891|0.000|1.148
7290|3.862|0.000|1.246
7300|3.902|0.000|1.270
7310|3.906|0.000|1.285
7320|3.878|0.000|1.446
7330|3.907|0.000|1.475
7340|3.907|0.000|1.451
7350|3.905|0.000|1.558
7360|3.882|0.000|1.602
7370|3.905|0.000|1.597
7380|3.896|0.000|1.724
7390|3.877|0.000|1.734
7400|3.867|0.000|1.754
7410|3.878|0.000|-3.894
7420|3.867|0.000|-3.845
7430|3.875|0.000|-3.762
7440|3.886|0.000|-3.747
7450|3.883|0.000|-3.669
7460|3.877|0.000|-3.552
7470|3.886|0.000|-3.532
7480|3.884|0.000|-3.542
7490|3.882|0.000|-3.473
7500|3.882|0.000|-3.395
7510|3.877|0.000|-3.356
7520|3.907|0.000|-3.273
7530|3.907|0.000|-3.195
7540|3.867|0.000|-3.195
7550|3.877|0.000|-3.122
7560|3.867|0.000|-3.161
7570|3.867|0.000|-3.004
7580|3.883|0.000|-3.000
7590|3.890|0.000|-2.965
7600|3.893|0.000|-2.868
7610|3.900|0.000|-2.809
7620|3.893|0.000|-2.804
7630|3.899|0.000|-2.750
7640|3.872|0.000|-2.672
7650|3.896|0.000|-2.574
7660|3.869|0.000|-2.570
7670|3.877|0.000|-2.423
7680|3.867|0.000|-2.418
7690|3.885|0.000|-2.443
7700|3.884|0.000|-2.379
7710|3.888|0.000|-2.335
7720|3.886|0.000|-2.301
7730|3.879|0.000|-2.184
7740|3.871|0.000|-2.164
7750|3.902|0.000|-2.081
7760|3.897|0.000|-2.096
7770|3.897|0.000|-2.081
7780|3.884|0.000|-1.944
7790|3.905|0.000|-1.827
7800|3.902|0.000|-1.871
7810|3.907|0.000|-1.803
7820|3.874|0.000|-1.734
7830|3.878|0.000|-1.715
7840|3.886|0.000|-1.666
7850|3.899|0.000|-1.578
7860|3.907|0.000|-1.514
7870|3.907|0.000|-1.426
7880|3.867|0.000|-1.436
7890|3.886|0.000|-1.348
7900|3.902|0.000|-1.319
7910|3.902|0.000|-1.246
7920|3.897|0.000|-1.241
7930|3.905|0.000|-1.163
7940|3.889|0.000|-1.085
7950|3.886|0.000|-1.055
7960|3.867|0.000|-1.041
7970|3.899|0.000|-1.080
7980|3.888|0.000|-0.948
7990|3.885|0.000|-0.943
8000|3.902|0.000|-0.909
8010|3.905|0.000|-0.894
8020|3.945|0.000|-0.855
8030|3.879|0.000|-0.733
8040|3.867|0.000|-0.699
8050|3.891|0.000|-0.660
8060|3.867|0.000|-0.620
8070|3.867|0.000|-0.542
8080|3.927|0.000|-0.420
8090|3.886|0.000|-0.435
8100|3.894|0.000|-0.264
8110|3.884|0.000|-0.308
8120|3.867|0.000|-0.230
8130|3.867|0.000|-0.191
8140|3.877|0.000|-0.107
8150|3.906|0.000|-0.151
8160|3.867|0.000|-0.029
8170|3.884|0.000|0.000
8180|3.897|0.000|0.034
8190|3.900|0.000|0.117
8200|3.886|0.000|0.156
8210|3.882|0.000|0.151
8220|3.900|0.000|0.303
8230|3.906|0.000|0.288
8240|3.869|0.000|0.376
8250|3.877|0.000|0.386
8260|3.886|0.000|0.479
8270|3.897|0.000|0.572
8280|3.897|0.000|0.513
8290|3.912|0.000|0.576
8300|3.905|0.000|0.601
8310|3.908|0.000|0.640
8320|3.867|0.000|0.777
8330|3.906|0.000|0.860
8340|3.905|0.000|0.855
8350|3.872|0.000|0.933
8360|3.877|0.000|0.938
8370|3.877|0.000|1.016
8380|3.884|0.000|1.114
8390|3.886|0.000|1.070
8400|3.904|0.000|1.231
8410|3.902|0.000|1.207
8420|3.886|0.000|1.285
8430|3.906|0.000|1.285
8440|3.902|0.000|1.417
8450|3.896|0.000|1.466
8460|3.877|0.000|1.519
8470|3.886|0.000|1.519
8480|3.901|0.000|1.641
8490|3.885|0.000|1.676
8500|3.897|0.000|1.637
8510|3.904|0.000|1.798
8520|3.877|0.000|1.871
8530|3.889|0.000|-3.894
8540|3.868|0.000|-3.845
8550|3.897|0.000|-3.742
8560|3.907|0.000|-3.727
8570|3.897|0.000|-3.625
8580|3.882|0.000|-3.586
8590|3.906|0.000|-3.576
8600|3.886|0.000|-3.517
8610|3.896|0.000|-3.561
8620|3.884|0.000|-3.400
8630|3.906|0.000|-3.239
8640|3.902|0.000|-3.327
8650|3.872|0.000|-3.200
8660|3.867|0.000|-3.180
8670|3.886|0.000|-3.200
8680|3.891|0.000|-3.068
8690|3.867|0.000|-3.019
8700|3.904|0.000|-2.926
8710|3.888|0.000|-2.926
8720|3.872|0.000|-2.882
8730|3.906|0.000|-2.789
8740|3.867|0.000|-2.731
8750|3.900|0.000|-2.741
8760|3.867|0.000|-2.672
8770|3.883|0.000|-2.540
8780|3.874|0.000|-2.574
8790|3.886|0.000|-2.516
8800|3.897|0.000|-2.447
8810|3.888|0.000|-2.477
8820|3.905|0.000|-2.413
8830|3.906|0.000|-2.360
8840|3.877|0.000|-2.316
8850|3.882|0.000|-2.189
8860|3.867|0.000|-2.184
8870|3.877|0.000|-2.101
8880|3.888|0.000|-2.047
8890|3.885|0.000|-2.018
8900|3.897|0.000|-1.895
8910|3.877|0.000|-1.930
8920|3.872|0.000|-1.832
8930|3.884|0.000|-1.788
8940|3.886|0.000|-1.681
8950|3.882|0.000|-1.676
8960|3.888|0.000|-1.617
8970|3.867|0.000|-1.573
8980|3.874|0.000|-1.578
8990|3.902|0.000|-1.475
9000|3.927|0.000|-1.480
9010|3.877|0.000|-1.383
9020|3.906|0.000|-1.343
9030|3.896|0.000|-1.246
9040|3.879|0.000|-1.246
9050|3.867|0.000|-1.207
9060|3.897|0.000|-1.133
9070|3.872|0.000|-1.006
9080|3.877|0.000|-1.011
9090|3.889|0.000|-1.070
9100|3.906|0.000|-1.050
9110|3.889|0.000|-0.928
9120|3.882|0.000|-0.884
9130|3.877|0.000|-0.865
9140|3.886|0.000|-0.777
9150|3.905|0.000|-0.679
9160|3.906|0.000|-0.699
9170|3.888|0.000|-0.660
9180|3.883|0.000|-0.503
9190|3.855|0.000|-0.537
9200|3.886|0.000|-0.420
9210|3.891|0.000|-0.425
9220|3.893|0.000|-0.342
9230|3.891|0.000|-0.318
9240|3.905|0.000|-0.244
9250|3.882|0.000|-0.278
9260|3.883|0.000|-0.205
9270|3.907|0.000|-0.151
9280|3.867|0.000|-0.083
9290|3.907|0.000|0.005
9300|3.897|0.000|0.015
9310|3.886|0.000|0.112
9320|3.902|0.000|0.034
9330|3.897|0.000|0.234
9340|3.877|0.000|0.200
9350|3.884|0.000|0.332
9360|3.894|0.000|0.386
9370|3.877|0.000|0.386
9380|3.886|0.000|0.415
9390|3.904|0.000|0.547
9400|3.902|0.000|0.484
9410|3.896|0.000|0.664
9420|3.905|0.000|0.689
9430|3.890|0.000|0.669
9440|3.897|0.000|0.713
9450|3.888|0.000|0.816
9460|3.872|0.000|0.855
9470|3.877|0.000|0.904
9480|3.867|0.000|0.992
9490|3.867|0.000|0.982
9500|3.896|0.000|1.094
9510|3.897|0.000|1.128
9520|3.907|0.000|1.212
9530|3.899|0.000|1.246
9540|3.877|0.000|1.246
9550|3.896|0.000|1.265
9560|3.886|0.000|1.402
9570|3.897|0.000|1.402
9580|3.901|0.000|1.466
9590|3.888|0.000|1.519
9600|3.890|0.000|1.710
9610|3.906|0.000|1.637
9620|3.872|0.000|1.729
9630|3.884|0.000|1.798
9640|3.905|0.000|1.861
9650|3.874|0.000|-3.894
9660|3.877|0.000|-3.835
9670|3.915|0.000|-3.752
9680|3.867|0.000|-3.708
9690|3.886|0.000|-3.625
9700|3.877|0.000|-3.586
9710|3.882|0.000|-3.591
9720|3.888|0.000|-3.478
9730|3.867|0.000|-3.425
9740|3.882|0.000|-3.351
9750|3.891|0.000|-3.356
9760|3.867|0.000|-3.273
9770|3.905|0.000|-3.278
9780|3.888|0.000|-3.127
9790|3.877|0.000|-3.136
9800|3.897|0.000|-3.034
9810|3.872|0.000|-3.014
9820|3.906|0.000|-2.941
9830|3.902|0.000|-2.892
9840|3.882|0.000|-2.868
9850|3.904|0.000|-2.848
9860|3.906|0.000|-2.809
9870|3.906|0.000|-2.731
9880|3.906|0.000|-2.618
9890|3.874|0.000|-2.574
9900|3.905|0.000|-2.516
9910|3.952|0.000|-2.452
9920|3.878|0.000|-2.438
9930|3.885|0.000|-2.457
9940|3.888|0.000|-2.335
9950|3.897|0.000|-2.316
9960|3.902|0.000|-2.325
9970|3.885|0.000|-2.242
9980|3.897|0.000|-2.037
9990|3.907|0.000|-2.125
10000|3.877|0.000|-2.106
10010|3.867|0.000|-1.974
10020|3.886|0.000|-2.042
10030|3.877|0.000|-1.876
10040|3.867|0.000|-1.832
10050|3.890|0.000|-1.832
10060|3.883|0.000|-1.754
10070|3.897|0.000|-1.705
10080|3.879|0.000|-1.656
10090|3.906|0.000|-1.558
10100|3.900|0.000|-1.563
10110|3.926|0.000|-1.519
10120|3.873|0.000|-1.431
10130|3.867|0.000|-1.329
10140|3.897|0.000|-1.392
10150|3.882|0.000|-1.260
10160|3.888|0.000|-1.168
10170|3.878|0.000|-1.172
10180|3.867|0.000|-1.124
10190|3.897|0.000|-1.089
10200|3.879|0.000|-1.006
10210|3.895|0.000|-1.045
10220|3.888|0.000|-0.933
10230|3.867|0.000|-0.918
10240|3.878|0.000|-0.791
10250|3.867|0.000|-0.835
10260|3.877|0.000|-0.772
10270|3.875|0.000|-0.660
10280|3.867|0.000|-0.625
10290|3.886|0.000|-0.616
10300|3.897|0.000|-0.537
10310|3.888|0.000|-0.542
10320|3.907|0.000|-0.381
10330|3.905|0.000|-0.386
10340|3.902|0.000|-0.303
10350|3.906|0.000|-0.254
10360|3.875|0.000|-0.215
10370|3.888|0.000|-0.230
10380|3.897|0.000|-0.171
10390|3.897|0.000|-0.151
10400|3.877|0.000|-0.064
10410|3.897|0.000|0.059
10420|3.888|0.000|0.059
10430|3.867|0.000|0.156
10440|3.888|0.000|0.073
10450|3.897|0.000|0.151
10460|3.877|0.000|0.220
10470|3.897|0.000|0.401
10480|3.893|0.000|0.386
10490|3.891|0.000|0.391
